Unity Editor version:    2020.3.29f1 (2ff179115da0)
Branch:                  2020.3/staging
Build type:              Release
Batch mode:              YES
macOS version:           Version 12.0.1 (Build 21A559)
Darwin version:          21.1.0
Architecture:            x86_64
Running under Rosetta:   NO
Available memory:        4096 MB
Using pre-set license
Pro License: NO

COMMAND LINE ARGUMENTS:
/Applications/Unity/Hub/Editor/2020.3.29f1/Unity.app/Contents/MacOS/Unity
-adb2
-batchMode
-noUpm
-name
AssetImportWorker0
-projectPath
/Users/Lasse/Desktop/SoundManger-Opgave
-logFile
Logs/AssetImportWorker0.log
-srvPort
49338
Successfully changed project path to: /Users/Lasse/Desktop/SoundManger-Opgave
/Users/Lasse/Desktop/SoundManger-Opgave
Using Asset Import Pipeline V2.
Refreshing native plugins compatible for Editor in 88.15 ms, found 2 plugins.
Preloading 0 native plugins for Editor in 0.00 ms.
Initialize engine version: 2020.3.29f1 (2ff179115da0)
[Subsystems] Discovering subsystems at path /Applications/Unity/Hub/Editor/2020.3.29f1/Unity.app/Contents/Resources/UnitySubsystems
[Subsystems] Discovering subsystems at path /Users/Lasse/Desktop/SoundManger-Opgave/Assets
GfxDevice: creating device client; threaded=0
2022-04-05 15:02:35.268 Unity[46854:4066227] Color LCD preferred device: Intel(R) Iris(TM) Graphics 6000 (low power)
2022-04-05 15:02:35.268 Unity[46854:4066227] Metal devices available: 1
2022-04-05 15:02:35.268 Unity[46854:4066227] 0: Intel(R) Iris(TM) Graphics 6000 (low power)
2022-04-05 15:02:35.269 Unity[46854:4066227] Using device Intel(R) Iris(TM) Graphics 6000 (low power)
Initializing Metal device caps: Intel(R) Iris(TM) Graphics 6000
Initialize mono
Mono path[0] = '/Applications/Unity/Hub/Editor/2020.3.29f1/Unity.app/Contents/Managed'
Mono path[1] = '/Applications/Unity/Hub/Editor/2020.3.29f1/Unity.app/Contents/MonoBleedingEdge/lib/mono/unityjit'
Mono config path = '/Applications/Unity/Hub/Editor/2020.3.29f1/Unity.app/Contents/MonoBleedingEdge/etc'
Using monoOptions --debugger-agent=transport=dt_socket,embedding=1,server=y,suspend=n,address=127.0.0.1:56854
Begin MonoManager ReloadAssembly
Registering precompiled unity dll's ...
Register platform support module: /Applications/Unity/Hub/Editor/2020.3.29f1/Unity.app/Contents/PlaybackEngines/MacStandaloneSupport/UnityEditor.OSXStandalone.Extensions.dll
Registered in 0.007177 seconds.
Native extension for OSXStandalone target not found
Refreshing native plugins compatible for Editor in 43.84 ms, found 2 plugins.
Preloading 0 native plugins for Editor in 0.00 ms.
Mono: successfully reloaded assembly
- Completed reload, in  1.385 seconds
Domain Reload Profiling:
	ReloadAssembly (1385ms)
		BeginReloadAssembly (403ms)
			ExecutionOrderSort (0ms)
			DisableScriptedObjects (0ms)
			BackupInstance (0ms)
			ReleaseScriptingObjects (0ms)
			CreateAndSetChildDomain (1ms)
		EndReloadAssembly (853ms)
			LoadAssemblies (415ms)
			RebuildTransferFunctionScriptingTraits (2ms)
			SetupTypeCache (298ms)
			ReleaseScriptCaches (0ms)
			RebuildScriptCaches (57ms)
			SetupLoadedEditorAssemblies (327ms)
				LogAssemblyErrors (0ms)
				InitializePlatformSupportModulesInManaged (7ms)
				SetLoadedEditorAssemblies (0ms)
				RefreshPlugins (44ms)
				BeforeProcessingInitializeOnLoad (49ms)
				ProcessInitializeOnLoadAttributes (177ms)
				ProcessInitializeOnLoadMethodAttributes (49ms)
				AfterProcessingInitializeOnLoad (0ms)
				EditorAssembliesLoaded (0ms)
			ExecutionOrderSort2 (0ms)
			AwakeInstancesAfterBackupRestoration (0ms)
Platform modules already initialized, skipping
Registering precompiled user dll's ...
Registered in 0.016674 seconds.
Begin MonoManager ReloadAssembly
Native extension for OSXStandalone target not found
Refreshing native plugins compatible for Editor in 0.86 ms, found 2 plugins.
Preloading 0 native plugins for Editor in 0.00 ms.
Mono: successfully reloaded assembly
- Completed reload, in  2.831 seconds
Domain Reload Profiling:
	ReloadAssembly (2835ms)
		BeginReloadAssembly (575ms)
			ExecutionOrderSort (0ms)
			DisableScriptedObjects (8ms)
			BackupInstance (0ms)
			ReleaseScriptingObjects (0ms)
			CreateAndSetChildDomain (43ms)
		EndReloadAssembly (2166ms)
			LoadAssemblies (578ms)
			RebuildTransferFunctionScriptingTraits (0ms)
			SetupTypeCache (676ms)
			ReleaseScriptCaches (1ms)
			RebuildScriptCaches (107ms)
			SetupLoadedEditorAssemblies (876ms)
				LogAssemblyErrors (0ms)
				InitializePlatformSupportModulesInManaged (10ms)
				SetLoadedEditorAssemblies (2ms)
				RefreshPlugins (1ms)
				BeforeProcessingInitializeOnLoad (190ms)
				ProcessInitializeOnLoadAttributes (646ms)
				ProcessInitializeOnLoadMethodAttributes (25ms)
				AfterProcessingInitializeOnLoad (3ms)
				EditorAssembliesLoaded (0ms)
			ExecutionOrderSort2 (0ms)
			AwakeInstancesAfterBackupRestoration (22ms)
Platform modules already initialized, skipping
Validating Project structure ... 0.004180 seconds.
Shader import version has changed; will reimport all shaders...
Upgrading shader files ...0.000989 seconds.
Application.AssetDatabase Initial Script Refresh Start
RefreshInfo: InitialScriptRefreshV2(NoUpdateAssetOptions) scanfilter:  ... 1 filters
RefreshProfiler: Total: 0.000ms
Application.AssetDatabase Initial Script Refresh End
Application.AssetDatabase.Refresh Start
Application.AssetDatabase.Refresh End
RefreshInfo: StopAssetImportingV2(ForceSynchronousImport) scanfilter: 
RefreshProfiler: Total: 0.000ms
Launching external process: /Applications/Unity/Hub/Editor/2020.3.29f1/Unity.app/Contents/Tools/UnityShaderCompiler
Launched and connected shader compiler UnityShaderCompiler after 0.48 seconds
Initializing Unity extensions:
2022-04-05 15:02:46.453 Unity[46854:4066227] NSEventModifierFlagFunction specified to -setKeyEquivalentModifierMask: for item <NSMenuItem: 0x600002234000 Font Asset, ke='Command-F12'>, but is only supported for system-provided menu items; will not be used
2022-04-05 15:02:46.468 Unity[46854:4066227] NSEventModifierFlagFunction specified to -setKeyEquivalentModifierMask: for item <NSMenuItem: 0x60000223ba30 Font Asset, ke='Command-F12'>, but is only supported for system-provided menu items; will not be used
========================================================================
Worker process is ready to serve import requests
Refreshing native plugins compatible for Editor in 3.95 ms, found 2 plugins.
Preloading 0 native plugins for Editor in 0.00 ms.
Unloading 1507 Unused Serialized files (Serialized files now loaded: 0)
System memory in use before: 208.4 MB.
System memory in use after: 207.5 MB.

Unloading 81 unused Assets to reduce memory usage. Loaded Objects now: 1982.
Total: 33.605317 ms (FindLiveObjects: 4.139940 ms CreateObjectMapping: 0.183777 ms MarkObjects: 27.356130 ms  DeleteObjects: 1.922755 ms)

AssetImportParameters requested are different than current active one (requested -> active):
  custom:video-decoder-ogg-theora: a1e56fd34408186e4bbccfd4996cb3dc -> 
  custom:container-muxer-webm: aa71ff27fc2769a1b78a27578f13a17b -> 
  custom:container-demuxer-webm: 4f35f7cbe854078d1ac9338744f61a02 -> 
  custom:container-demuxer-ogg: 62fdf1f143b41e24485cea50d1cbac27 -> 
  custom:video-encoder-webm-vp8: eb34c28f22e8b96e1ab97ce403110664 -> 
  custom:framework-osx-AVFoundation: e770b220cccbd017edd2c1fefb359320 -> 
  custom:video-decoder-webm-vp8: 9c59270c3fd7afecdb556c50c9e8de78 -> 
  custom:audio-decoder-ogg-vorbis: bf7c407c2cedff20999df2af8eb42d56 -> 
  custom:audio-encoder-webm-vorbis: bf7c407c2cedff20999df2af8eb42d56 -> 
========================================================================
Received Import Request.
  path: Assets/Pikachu Trophy/t0008_0.png
  artifactKey: Guid(435ab320c3c184331bb8ba0bf3f8f93f) Importer(815301076,1909f56bfc062723c751e8b465ee728b)
Start importing Assets/Pikachu Trophy/t0008_0.png using Guid(435ab320c3c184331bb8ba0bf3f8f93f) Importer(815301076,1909f56bfc062723c751e8b465ee728b)  -> (artifact id: '5bf805021e5616ccd65123421ab5b1b2') in 4.730615 seconds 
  Import took 4.756369 seconds .

========================================================================
Received Import Request.
  Time since last request: 0.004202 seconds.
  path: Assets/Pikachu Trophy/t0002_0.png
  artifactKey: Guid(bdc39dbe89d7a434c9fe350dbf8339dc) Importer(815301076,1909f56bfc062723c751e8b465ee728b)
Start importing Assets/Pikachu Trophy/t0002_0.png using Guid(bdc39dbe89d7a434c9fe350dbf8339dc) Importer(815301076,1909f56bfc062723c751e8b465ee728b)  -> (artifact id: '8b1a0d00337950efd3a673ecf9768c76') in 0.050351 seconds 
  Import took 0.057549 seconds .

========================================================================
Received Import Request.
  Time since last request: 0.000393 seconds.
  path: Assets/Pikachu Trophy/t0009_0.png
  artifactKey: Guid(3c92e6d02b8ce45f68ce9f8f2aa44f79) Importer(815301076,1909f56bfc062723c751e8b465ee728b)
Start importing Assets/Pikachu Trophy/t0009_0.png using Guid(3c92e6d02b8ce45f68ce9f8f2aa44f79) Importer(815301076,1909f56bfc062723c751e8b465ee728b)  -> (artifact id: '3e65cb3b12357b9b500eb3732190459e') in 0.011338 seconds 
  Import took 0.018208 seconds .

========================================================================
Received Import Request.
  Time since last request: 0.000350 seconds.
  path: Assets/Pikachu Trophy/t0007_0.png
  artifactKey: Guid(2127c35a575484289b58dc2b39d5db39) Importer(815301076,1909f56bfc062723c751e8b465ee728b)
Start importing Assets/Pikachu Trophy/t0007_0.png using Guid(2127c35a575484289b58dc2b39d5db39) Importer(815301076,1909f56bfc062723c751e8b465ee728b)  -> (artifact id: '0cac2c508bba4f36f090fc2b2d7c76c3') in 0.016367 seconds 
  Import took 0.020384 seconds .

========================================================================
Received Import Request.
  Time since last request: 0.000358 seconds.
  path: Assets/Pikachu Trophy/t0004_0.png
  artifactKey: Guid(9926ca5c4815f4abf83167ce4a6ee2d1) Importer(815301076,1909f56bfc062723c751e8b465ee728b)
Start importing Assets/Pikachu Trophy/t0004_0.png using Guid(9926ca5c4815f4abf83167ce4a6ee2d1) Importer(815301076,1909f56bfc062723c751e8b465ee728b)  -> (artifact id: '960871bdd95fc6b8a7a68d471f0deaa6') in 0.017026 seconds 
  Import took 0.021545 seconds .

========================================================================
Received Import Request.
  Time since last request: 0.000342 seconds.
  path: Assets/Pikachu Trophy/t0003_0.png
  artifactKey: Guid(770d41321f0624db591bc19f610f1c31) Importer(815301076,1909f56bfc062723c751e8b465ee728b)
Start importing Assets/Pikachu Trophy/t0003_0.png using Guid(770d41321f0624db591bc19f610f1c31) Importer(815301076,1909f56bfc062723c751e8b465ee728b)  -> (artifact id: '672fe6339ab8c962dd34a2661aac1f05') in 0.023163 seconds 
  Import took 0.031085 seconds .

========================================================================
Received Import Request.
  Time since last request: 0.000769 seconds.
  path: Assets/Pikachu Trophy/t0006_0.png
  artifactKey: Guid(ac543e1d22ba645458107e05234df76e) Importer(815301076,1909f56bfc062723c751e8b465ee728b)
Start importing Assets/Pikachu Trophy/t0006_0.png using Guid(ac543e1d22ba645458107e05234df76e) Importer(815301076,1909f56bfc062723c751e8b465ee728b)  -> (artifact id: '5bb5f36f3c25d2021b95d4c546a3ee34') in 0.023196 seconds 
  Import took 0.027143 seconds .

========================================================================
Received Import Request.
  Time since last request: 0.000360 seconds.
  path: Assets/Pikachu Trophy/t0000_0.png
  artifactKey: Guid(da610c017914f4c75860be50ac338805) Importer(815301076,1909f56bfc062723c751e8b465ee728b)
Start importing Assets/Pikachu Trophy/t0000_0.png using Guid(da610c017914f4c75860be50ac338805) Importer(815301076,1909f56bfc062723c751e8b465ee728b)  -> (artifact id: 'da01fe80db09e6ecc6e6adf3ebee4b41') in 0.021778 seconds 
  Import took 0.026788 seconds .

========================================================================
Received Import Request.
  Time since last request: 0.000372 seconds.
  path: Assets/Pikachu Trophy/pikachu.obj
  artifactKey: Guid(d56fc601315a641af9ecd4141fc27949) Importer(815301076,1909f56bfc062723c751e8b465ee728b)
Start importing Assets/Pikachu Trophy/pikachu.obj using Guid(d56fc601315a641af9ecd4141fc27949) Importer(815301076,1909f56bfc062723c751e8b465ee728b)  -> (artifact id: '05c36f04b13a4b165c32b86de8c1a323') in 5.505442 seconds 
  Import took 5.545450 seconds .

========================================================================
Received Import Request.
  Time since last request: 0.002675 seconds.
  path: Assets/Pikachu Trophy/t0005_0.png
  artifactKey: Guid(894dab68c492246ca8a51189c8daa38a) Importer(815301076,1909f56bfc062723c751e8b465ee728b)
Start importing Assets/Pikachu Trophy/t0005_0.png using Guid(894dab68c492246ca8a51189c8daa38a) Importer(815301076,1909f56bfc062723c751e8b465ee728b)  -> (artifact id: '332997c0330caa82d7e5e4665fe6158c') in 0.046075 seconds 
  Import took 0.058992 seconds .

========================================================================
Received Prepare
Registering precompiled user dll's ...
Registered in 0.014972 seconds.
Begin MonoManager ReloadAssembly
Native extension for OSXStandalone target not found
Refreshing native plugins compatible for Editor in 0.44 ms, found 2 plugins.
Preloading 0 native plugins for Editor in 0.00 ms.
2022-04-05 15:03:22.867 Unity[46854:4066227] NSEventModifierFlagFunction specified to -setKeyEquivalentModifierMask: for item <NSMenuItem: 0x60000226d730 Font Asset, ke='Command-F12'>, but is only supported for system-provided menu items; will not be used
Mono: successfully reloaded assembly
- Completed reload, in  2.824 seconds
Domain Reload Profiling:
	ReloadAssembly (2831ms)
		BeginReloadAssembly (675ms)
			ExecutionOrderSort (0ms)
			DisableScriptedObjects (20ms)
			BackupInstance (0ms)
			ReleaseScriptingObjects (1ms)
			CreateAndSetChildDomain (218ms)
		EndReloadAssembly (1982ms)
			LoadAssemblies (500ms)
			RebuildTransferFunctionScriptingTraits (4ms)
			SetupTypeCache (645ms)
			ReleaseScriptCaches (1ms)
			RebuildScriptCaches (74ms)
			SetupLoadedEditorAssemblies (770ms)
				LogAssemblyErrors (0ms)
				InitializePlatformSupportModulesInManaged (24ms)
				SetLoadedEditorAssemblies (1ms)
				RefreshPlugins (1ms)
				BeforeProcessingInitializeOnLoad (225ms)
				ProcessInitializeOnLoadAttributes (490ms)
				ProcessInitializeOnLoadMethodAttributes (23ms)
				AfterProcessingInitializeOnLoad (2ms)
				EditorAssembliesLoaded (3ms)
			ExecutionOrderSort2 (0ms)
			AwakeInstancesAfterBackupRestoration (13ms)
Platform modules already initialized, skipping
Refreshing native plugins compatible for Editor in 0.43 ms, found 2 plugins.
Preloading 0 native plugins for Editor in 0.00 ms.
Unloading 1500 Unused Serialized files (Serialized files now loaded: 0)
System memory in use before: 217.5 MB.
System memory in use after: 217.6 MB.

Unloading 12 unused Assets to reduce memory usage. Loaded Objects now: 2034.
Total: 5.003215 ms (FindLiveObjects: 0.321938 ms CreateObjectMapping: 0.087128 ms MarkObjects: 4.533547 ms  DeleteObjects: 0.059070 ms)

AssetImportParameters requested are different than current active one (requested -> active):
  custom:video-decoder-ogg-theora: a1e56fd34408186e4bbccfd4996cb3dc -> 
  custom:container-muxer-webm: aa71ff27fc2769a1b78a27578f13a17b -> 
  custom:container-demuxer-webm: 4f35f7cbe854078d1ac9338744f61a02 -> 
  custom:container-demuxer-ogg: 62fdf1f143b41e24485cea50d1cbac27 -> 
  custom:video-encoder-webm-vp8: eb34c28f22e8b96e1ab97ce403110664 -> 
  custom:framework-osx-AVFoundation: e770b220cccbd017edd2c1fefb359320 -> 
  custom:video-decoder-webm-vp8: 9c59270c3fd7afecdb556c50c9e8de78 -> 
  custom:audio-decoder-ogg-vorbis: bf7c407c2cedff20999df2af8eb42d56 -> 
  custom:audio-encoder-webm-vorbis: bf7c407c2cedff20999df2af8eb42d56 -> 
